<?xml version="1.0" encoding="UTF-8"?>
<!-- Generated by org.testng.reporters.JUnitReportReporter -->
<testsuite skipped="0" hostname="LP1-AP-51836313" name="com.qa.tests.PostAPITest" tests="1" failures="0" timestamp="2021-07-12T19:38:01 IST" time="2.586" errors="0">
  <testcase name="postAPITest" time="2.586" classname="com.qa.tests.PostAPITest"/>
  <system-out/>
</testsuite> <!-- com.qa.tests.PostAPITest -->
