<?xml version="1.0" encoding="UTF-8"?>
<!-- Generated by org.testng.reporters.JUnitReportReporter -->
<testsuite skipped="0" hostname="LP1-AP-51836313" name="com.qa.tests.GetAPITest" tests="2" failures="0" timestamp="2021-07-11T00:45:44 IST" time="1.362" errors="0">
  <testcase name="getAPITestWithoutHeaders" time="1.168" classname="com.qa.tests.GetAPITest"/>
  <system-out/>
  <testcase name="getAPITestWithHeaders" time="0.194" classname="com.qa.tests.GetAPITest"/>
  <system-out/>
</testsuite> <!-- com.qa.tests.GetAPITest -->
