<?xml version="1.0" encoding="UTF-8"?>
<!-- Generated by org.testng.reporters.JUnitReportReporter -->
<testsuite skipped="0" hostname="LP1-AP-51836313" name="com.selflearning.DemoTest1" tests="3" failures="0" timestamp="2021-08-28T02:46:25 IST" time="0.003" errors="0">
  <testcase name="test2DemoTest1" time="0.001" classname="com.selflearning.DemoTest1"/>
  <system-out/>
  <testcase name="test3DemoTest1" time="0.001" classname="com.selflearning.DemoTest1"/>
  <system-out/>
  <testcase name="test1DemoTest1" time="0.001" classname="com.selflearning.DemoTest1"/>
  <system-out/>
</testsuite> <!-- com.selflearning.DemoTest1 -->
