<?xml version="1.0" encoding="UTF-8"?>
<!-- Generated by org.testng.reporters.JUnitReportReporter -->
<testsuite hostname="LP1-AP-51836313" name="com.test.TestNgBasics" tests="2" failures="0" timestamp="18 May 2021 17:12:15 GMT" time="0.003" errors="0">
  <testcase name="googleTitleTest" time="0.001" classname="com.test.TestNgBasics"/>
  <testcase name="searchTest" time="0.002" classname="com.test.TestNgBasics"/>
</testsuite> <!-- com.test.TestNgBasics -->
