<?xml version="1.0" encoding="UTF-8"?>
<!-- Generated by org.testng.reporters.JUnitReportReporter -->
<testsuite hostname="LP1-AP-51836313" name="com.test.GoogleTitleTest" tests="1" failures="0" timestamp="18 May 2021 17:12:15 GMT" time="10.763" errors="0">
  <testcase name="googleTitleTest" time="10.763" classname="com.test.GoogleTitleTest"/>
</testsuite> <!-- com.test.GoogleTitleTest -->
