<?xml version="1.0" encoding="UTF-8"?>
<!-- Generated by org.testng.reporters.JUnitReportReporter -->
<testsuite hostname="LP1-AP-51836313" name="com.parameters.ParameterTest" tests="1" failures="0" timestamp="18 May 2021 18:04:22 GMT" time="12.574" errors="0">
  <testcase name="yohooLoginTest" time="12.574" classname="com.parameters.ParameterTest"/>
</testsuite> <!-- com.parameters.ParameterTest -->
