<?xml version="1.0" encoding="UTF-8"?>
<!-- Generated by org.testng.reporters.JUnitReportReporter -->
<testsuite hostname="LP1-AP-51836313" name="com.test.GoogleTest" tests="6" failures="0" timestamp="18 May 2021 17:12:15 GMT" time="62.996" errors="0">
  <testcase name="googleTitleTest" time="10.360" classname="com.test.GoogleTest"/>
  <testcase name="test1" time="10.258" classname="com.test.GoogleTest"/>
  <testcase name="googleLogoTest" time="10.392" classname="com.test.GoogleTest"/>
  <testcase name="mailLinkTest" time="10.218" classname="com.test.GoogleTest"/>
  <testcase name="test2" time="11.621" classname="com.test.GoogleTest"/>
  <testcase name="test3" time="10.147" classname="com.test.GoogleTest"/>
</testsuite> <!-- com.test.GoogleTest -->
