<?xml version="1.0" encoding="UTF-8"?>
<!-- Generated by org.testng.reporters.JUnitReportReporter -->
<testsuite hostname="LP1-AP-51836313" name="com.test.TestNgFeature" tests="2" failures="0" timestamp="18 May 2021 17:12:15 GMT" time="0.020" errors="0">
  <testcase name="homePageTest" time="0.017" classname="com.test.TestNgFeature"/>
  <testcase name="loginTest" time="0.003" classname="com.test.TestNgFeature"/>
</testsuite> <!-- com.test.TestNgFeature -->
