<?xml version="1.0" encoding="UTF-8"?>
<!-- Generated by org.testng.reporters.JUnitReportReporter -->
<testsuite hostname="LP1-AP-51836313" name="com.restassured.intro.CoursesPriceSumValidation" tests="1" failures="0" timestamp="16 Apr 2021 18:57:17 GMT" time="1.507" errors="0">
  <testcase name="sumOfCourses" time="1.507" classname="com.restassured.intro.CoursesPriceSumValidation"/>
</testsuite> <!-- com.restassured.intro.CoursesPriceSumValidation -->
