<?xml version="1.0" encoding="UTF-8"?>
<!-- Generated by org.testng.reporters.JUnitReportReporter -->
<testsuite skipped="0" hostname="LP1-AP-51836313" name="com.maven.project.MavenProject.SampleTest" tests="1" failures="0" timestamp="2021-02-26T02:05:26 IST" time="0.001" errors="0">
  <testcase name="invokeBrowser1" time="0.001" classname="com.maven.project.MavenProject.SampleTest"/>
  <system-out/>
</testsuite> <!-- com.maven.project.MavenProject.SampleTest -->
