<project xmlns="http://maven.apache.org/POM/4.0.0"
	xmlns:xsi="http://www.w3.org/2001/XMLSchema-instance"
	xsi:schemaLocation="http://maven.apache.org/POM/4.0.0 http://maven.apache.org/xsd/maven-4.0.0.xsd">
	<modelVersion>4.0.0</modelVersion>

	<groupId>Cucumber</groupId>
	<artifactId>Cucumber</artifactId>
	<version>0.0.1-SNAPSHOT</version>
	<packaging>jar</packaging>

	<name>Cucumber</name>
	<url>http://maven.apache.org</url>

	<properties>
		<project.build.sourceEncoding>UTF-8</project.build.sourceEncoding>
	</properties>

	<dependencies>

		<!-- https://mvnrepository.com/artifact/io.cucumber/cucumber-java -->
		<dependency>
			<groupId>io.cucumber</groupId>
			<artifactId>cucumber-java</artifactId>
			<version>6.9.1</version>
		</dependency>


		<!-- https://mvnrepository.com/artifact/io.cucumber/cucumber-jvm <dependency> 
			<groupId>io.cucumber</groupId> <artifactId>cucumber-jvm</artifactId> <version>6.10.4</version> 
			<type>pom</type> </dependency> -->

		<dependency>
			<groupId>info.cukes</groupId>
			<artifactId>cucumber-java</artifactId>
			<version>1.2.5</version>
		</dependency>

		<dependency>
			<groupId>info.cukes</groupId>
			<artifactId>cucumber-junit</artifactId>
			<version>1.2.5</version>
		</dependency>


		<dependency>
			<groupId>info.cukes</groupId>
			<artifactId>cucumber-jvm-deps</artifactId>
			<version>1.0.5</version>
			<scope>provided</scope>
		</dependency>

		<dependency>
			<groupId>net.masterthought</groupId>
			<artifactId>cucumber-reporting</artifactId>
			<version>5.0.2</version>
		</dependency>

		<dependency>
			<groupId>info.cukes</groupId>
			<artifactId>gherkin</artifactId>
			<version>2.12.2</version>
			<scope>provided</scope>
		</dependency>

		<!-- https://mvnrepository.com/artifact/junit/junit -->
		<dependency>
			<groupId>junit</groupId>
			<artifactId>junit</artifactId>
			<version>4.13.2</version>
			<scope>test</scope>
		</dependency>

		<!-- https://mvnrepository.com/artifact/org.seleniumhq.selenium/selenium-java -->
		<dependency>
			<groupId>org.seleniumhq.selenium</groupId>
			<artifactId>selenium-java</artifactId>
			<version>3.141.59</version>
		</dependency>

	</dependencies>
</project>
