<?xml version="1.0" encoding="UTF-8"?>
<!-- Generated by org.testng.reporters.JUnitReportReporter -->
<testsuite skipped="0" hostname="LP1-AP-51836313" name="com.qa.test.DemoTest" tests="4" failures="0" timestamp="2021-05-27T18:45:37 IST" time="0.004" errors="0">
  <testcase name="sum" time="0.004" classname="com.qa.test.DemoTest"/>
  <system-out/>
  <testcase name="multi" time="0.000" classname="com.qa.test.DemoTest"/>
  <system-out/>
  <testcase name="div" time="0.000" classname="com.qa.test.DemoTest"/>
  <system-out/>
  <testcase name="sub" time="0.000" classname="com.qa.test.DemoTest"/>
  <system-out/>
</testsuite> <!-- com.qa.test.DemoTest -->
