<?xml version="1.0" encoding="UTF-8"?>
<!-- Generated by org.testng.reporters.JUnitReportReporter -->
<testsuite skipped="0" hostname="LP1-AP-51836313" name="com.qa.test.DemoTest1" tests="4" failures="0" timestamp="2021-05-27T18:45:37 IST" time="0.067" errors="0">
  <testcase name="div" time="0.001" classname="com.qa.test.DemoTest1"/>
  <system-out/>
  <testcase name="multi" time="0.065" classname="com.qa.test.DemoTest1"/>
  <system-out/>
  <testcase name="sub" time="0.000" classname="com.qa.test.DemoTest1"/>
  <system-out/>
  <testcase name="sum" time="0.001" classname="com.qa.test.DemoTest1"/>
  <system-out/>
</testsuite> <!-- com.qa.test.DemoTest1 -->
