<?xml version="1.0" encoding="UTF-8"?>
<!-- Generated by org.testng.reporters.JUnitReportReporter -->
<testsuite hostname="LP1-AP-51836313" name="com.testng.starter.TestngTutorial" tests="8" failures="0" timestamp="24 Feb 2021 22:24:30 GMT" time="0.014" errors="0">
  <testcase name="demoMethod3" time="0.001" classname="com.testng.starter.TestngTutorial"/>
  <testcase name="demoMethod5" time="0.000" classname="com.testng.starter.TestngTutorial"/>
  <testcase name="demoMethod5" time="0.001" classname="com.testng.starter.TestngTutorial"/>
  <testcase name="demoMethod2" time="0.001" classname="com.testng.starter.TestngTutorial"/>
  <testcase name="demoMethod" time="0.001" classname="com.testng.starter.TestngTutorial"/>
  <testcase name="demoMethod1" time="0.008" classname="com.testng.starter.TestngTutorial"/>
  <testcase name="demoMethod5" time="0.001" classname="com.testng.starter.TestngTutorial"/>
  <testcase name="demoParamitarized" time="0.001" classname="com.testng.starter.TestngTutorial"/>
</testsuite> <!-- com.testng.starter.TestngTutorial -->
