<?xml version="1.0" encoding="UTF-8"?>
<!-- Generated by org.testng.reporters.JUnitReportReporter -->
<testsuite skipped="0" hostname="LP1-AP-51836313" name="com.restassuredapi.basic.LibraryApi" tests="6" failures="0" timestamp="2021-07-28T01:48:27 IST" time="3.460" errors="0">
  <testcase name="addBook" time="0.391" classname="com.restassuredapi.basic.LibraryApi"/>
  <system-out/>
  <testcase name="addBook" time="2.577" classname="com.restassuredapi.basic.LibraryApi"/>
  <system-out/>
  <testcase name="addBook" time="0.139" classname="com.restassuredapi.basic.LibraryApi"/>
  <system-out/>
  <testcase name="deleteBook" time="0.124" classname="com.restassuredapi.basic.LibraryApi"/>
  <system-out/>
  <testcase name="deleteBook" time="0.117" classname="com.restassuredapi.basic.LibraryApi"/>
  <system-out/>
  <testcase name="deleteBook" time="0.112" classname="com.restassuredapi.basic.LibraryApi"/>
  <system-out/>
</testsuite> <!-- com.restassuredapi.basic.LibraryApi -->
