<?xml version="1.0" encoding="UTF-8"?>
<!-- Generated by org.testng.reporters.JUnitReportReporter -->
<testsuite skipped="0" hostname="LP1-AP-51836313" name="com.maven.project.MavenProject.SampleDemoTest" tests="1" failures="0" timestamp="2021-02-26T02:15:32 IST" time="0.000" errors="0">
  <testcase name="invokeBrowser" time="0.000" classname="com.maven.project.MavenProject.SampleDemoTest"/>
  <system-out/>
</testsuite> <!-- com.maven.project.MavenProject.SampleDemoTest -->
