<?xml version="1.0" encoding="UTF-8"?>
<!-- Generated by org.testng.reporters.JUnitReportReporter -->
<testsuite skipped="0" hostname="LP1-AP-51836313" name="com.maven.project.ExtentReports.ExtentReporting" tests="1" failures="0" timestamp="2021-03-03T00:39:18 IST" time="5.736" errors="0">
  <testcase name="invokeBrowser" time="5.736" classname="com.maven.project.ExtentReports.ExtentReporting"/>
  <system-out/>
</testsuite> <!-- com.maven.project.ExtentReports.ExtentReporting -->
