<?xml version="1.0" encoding="UTF-8"?>
<!-- Generated by org.testng.reporters.JUnitReportReporter -->
<testsuite skipped="0" hostname="LP1-AP-51836313" name="Runner.TestRunner" tests="1" failures="0" timestamp="2021-06-08T20:11:27 IST" time="11.691" errors="0">
  <testcase name="feature" time="11.691" classname="Runner.TestRunner"/>
  <system-out/>
</testsuite> <!-- Runner.TestRunner -->
